<?xml version='1.0' encoding='UTF-8'?>
<testsuite hostname="Aseems-MacBook-Air.local" name="FunctionalSpec" tests="2" errors="0" failures="0" skipped="0" time="0.104" timestamp="2023-07-21T11:51:28">
          <properties>
[...]
</properties>
          <testcase classname="FunctionalSpec" name="Routes should send 404 on a bad request" time="0.083">
                      
                    </testcase><testcase classname="FunctionalSpec" name="Routes should send 200 on a good request" time="0.021">
                      
                    </testcase>
          <system-out><![CDATA[]]></system-out>
          <system-err><![CDATA[]]></system-err>
        </testsuite>