[0m[[0m[0mdebug[0m] [0m[0m> Exec(test, Some(c39e430c-63fd-4b59-9709-ce956f090ecf), Some(CommandSource(console0)))[0m
[0m[[0m[0mdebug[0m] [0m[0mEvaluating tasks: Test / test[0m
[0m[[0m[0mdebug[0m] [0m[0mRunning task... Cancel: Signal, check cycles: false, forcegc: true[0m
[0m[[0m[0mdebug[0m] [0m[0mExporting web-assets:play-scala-starter-example[0m
[0m[[0m[0minfo[0m] [0m[0mcompiling 1 Scala source to /Users/aseemsaini/Desktop/ACM/Martian_WEB/target/scala-2.13/test-classes ...[0m
[0m[[0m[0mdebug[0m] [0m[0mExporting web-assets-test:play-scala-starter-example[0m
[0m[[0m[0minfo[0m] [0m[0m[32mBrowserSpec:[0m[0m
[0m[[0m[0minfo[0m] [0m[0m[32mApplication[0m[0m
[0m[[0m[0minfo[0m] [0m[0m[32m- should work from within a browser[0m[0m
[0m[[0m[0minfo[0m] [0m[0m[32mFunctionalSpec:[0m[0m
[0m[[0m[0minfo[0m] [0m[0m[32mRoutes[0m[0m
[0m[[0m[0minfo[0m] [0m[0m[32m- should send 404 on a bad request[0m[0m
[0m[[0m[0minfo[0m] [0m[0m[32m- should send 200 on a good request[0m[0m
[0m[[0m[0minfo[0m] [0m[0m[32mFinanceSpec:[0m[0m
[0m[[0m[0minfo[0m] [0m[0m[32mFinance[0m[0m
[0m[[0m[0minfo[0m] [0m[0m[32m- should return the stock price for a given symbol[0m[0m
[0m[[0m[0minfo[0m] [0m[0m[31m- should return the portfolio tracking data for a user *** FAILED ***[0m[0m
[0m[[0m[0minfo[0m] [0m[0m[31m  501 was not equal to 200 (FinanceSpec.scala:28)[0m[0m
[0m[[0m[0minfo[0m] [0m[0m[31m- should return the latest financial news *** FAILED ***[0m[0m
[0m[[0m[0minfo[0m] [0m[0m[31m  501 was not equal to 200 (FinanceSpec.scala:35)[0m[0m
[0m[[0m[0minfo[0m] [0m[0m[32m- should return an error message for an invalid stock symbol in searchTicker[0m[0m
[0m[[0m[0minfo[0m] [0m[0m[32m- should return an error message for missing form data in searchTicker[0m[0m
[0m[[0m[0minfo[0m] [0m[0m[36mRun completed in 16 seconds, 746 milliseconds.[0m[0m
[0m[[0m[0minfo[0m] [0m[0m[36mTotal number of tests run: 8[0m[0m
[0m[[0m[0minfo[0m] [0m[0m[36mSuites: completed 3, aborted 0[0m[0m
[0m[[0m[0minfo[0m] [0m[0m[36mTests: succeeded 6, failed 2, canceled 0, ignored 0, pending 0[0m[0m
[0m[[0m[0minfo[0m] [0m[0m[31m*** 2 TESTS FAILED ***[0m[0m
[0m[[0m[31merror[0m] [0m[0mFailed tests:[0m
[0m[[0m[31merror[0m] [0m[0m	FinanceSpec[0m
[0m[[0m[31merror[0m] [0m[0m(Test / [31mtest[0m) sbt.TestsFailedException: Tests unsuccessful[0m
[0m[[0m[31merror[0m] [0m[0mTotal time: 19 s, completed 25 Jul 2023, 15:43:06[0m
[0m[[0m[0mdebug[0m] [0m[0m> Exec(shell, None, None)[0m
